<?xml version="1.0" encoding="UTF-8"?>
<!-- Generated by org.testng.reporters.JUnitReportReporter -->
<testsuite skipped="0" hostname="GBWK-INA94504Z8" name="com.galaxe.rst.TestJUnit" tests="1" failures="0" timestamp="17 Oct 2016 13:14:48 GMT" time="0.016" errors="0">
  <testcase name="testPrintMessage" time="0.016" classname="com.galaxe.rst.TestJUnit"/>
</testsuite> <!-- com.galaxe.rst.TestJUnit -->
